<?xml version="1.0" encoding="UTF-8"?>
<testng-results skipped="0" failed="0" ignored="0" total="2" passed="2">
  <reporter-output>
  </reporter-output>
  <suite name="Default suite" duration-ms="293724" started-at="2020-08-17T15:49:25 IST" finished-at="2020-08-17T15:54:19 IST">
    <groups>
      <group name="cucumber">
        <method signature="AbstractTestNGCucumberTests.runScenario(io.cucumber.testng.PickleWrapper, io.cucumber.testng.FeatureWrapper)[pri:0, instance:TestRunner.TestRunner@59e5ddf]" name="runScenario" class="io.cucumber.testng.AbstractTestNGCucumberTests"/>
      </group> <!-- cucumber -->
    </groups>
    <test name="Default test" duration-ms="293724" started-at="2020-08-17T15:49:25 IST" finished-at="2020-08-17T15:54:19 IST">
      <class name="TestRunner.TestRunner">
        <test-method status="PASS" signature="setUpClass()[pri:0, instance:TestRunner.TestRunner@59e5ddf]" name="setUpClass" is-config="true" duration-ms="995" started-at="2020-08-17T15:49:25 IST" finished-at="2020-08-17T15:49:26 IST">
          <reporter-output>
          </reporter-output>
        </test-method> <!-- setUpClass -->
        <test-method status="PASS" signature="runScenario(io.cucumber.testng.PickleWrapper, io.cucumber.testng.FeatureWrapper)[pri:0, instance:TestRunner.TestRunner@59e5ddf]" name="runScenario" duration-ms="141425" started-at="2020-08-17T15:49:26 IST" description="Runs Cucumber Scenarios" data-provider="scenarios" finished-at="2020-08-17T15:51:47 IST">
          <params>
            <param index="0">
              <value>
                <![CDATA["User is able to Login the application"]]>
              </value>
            </param>
            <param index="1">
              <value>
                <![CDATA["Optional[Login feature]"]]>
              </value>
            </param>
          </params>
          <reporter-output>
          </reporter-output>
        </test-method> <!-- runScenario -->
        <test-method status="PASS" signature="runScenario(io.cucumber.testng.PickleWrapper, io.cucumber.testng.FeatureWrapper)[pri:0, instance:TestRunner.TestRunner@59e5ddf]" name="runScenario" duration-ms="151013" started-at="2020-08-17T15:51:47 IST" description="Runs Cucumber Scenarios" data-provider="scenarios" finished-at="2020-08-17T15:54:18 IST">
          <params>
            <param index="0">
              <value>
                <![CDATA["Short sleeve T Shirt added to a cart"]]>
              </value>
            </param>
            <param index="1">
              <value>
                <![CDATA["Optional[Login feature]"]]>
              </value>
            </param>
          </params>
          <reporter-output>
          </reporter-output>
        </test-method> <!-- runScenario -->
        <test-method status="PASS" signature="tearDownClass()[pri:0, instance:TestRunner.TestRunner@59e5ddf]" name="tearDownClass" is-config="true" duration-ms="226" started-at="2020-08-17T15:54:18 IST" finished-at="2020-08-17T15:54:19 IST">
          <reporter-output>
          </reporter-output>
        </test-method> <!-- tearDownClass -->
      </class> <!-- TestRunner.TestRunner -->
    </test> <!-- Default test -->
  </suite> <!-- Default suite -->
</testng-results>
